<?xml version="1.0" encoding="UTF-8"?>
<!-- Generated by org.testng.reporters.JUnitReportReporter -->
<testsuite hostname="DESKTOP-3JIGDB9" failures="0" tests="2" name="shankarraibagi.SeleniumFrameworkDesign.SubmitOrder" time="19.018" errors="0" timestamp="2024-11-28T17:15:30 IST" skipped="0">
  <testcase classname="shankarraibagi.SeleniumFrameworkDesign.SubmitOrder" name="orderHistoryTest" time="7.584"/>
  <testcase classname="shankarraibagi.SeleniumFrameworkDesign.SubmitOrder" name="submitOrder" time="11.434"/>
</testsuite> <!-- shankarraibagi.SeleniumFrameworkDesign.SubmitOrder -->
