<?xml version="1.0" encoding="UTF-8"?>
<!-- Generated by org.testng.reporters.JUnitReportReporter -->
<testsuite hostname="DESKTOP-3JIGDB9" failures="0" tests="1" name="shankarraibagi.SeleniumFrameworkDesign.StandAloneTestPurpose" time="10.207" errors="0" timestamp="2024-11-27T20:19:27 IST" skipped="0">
  <testcase classname="shankarraibagi.SeleniumFrameworkDesign.StandAloneTestPurpose" name="submitOrder" time="10.207"/>
</testsuite> <!-- shankarraibagi.SeleniumFrameworkDesign.StandAloneTestPurpose -->
