<?xml version="1.0" encoding="UTF-8"?>
<!-- Generated by org.testng.reporters.JUnitReportReporter -->
<testsuite hostname="DESKTOP-3JIGDB9" failures="0" tests="1" name="cucumber.TestNGTestRunner" time="7.219" errors="0" timestamp="2024-12-03T13:01:51 IST" skipped="0">
  <testcase classname="cucumber.TestNGTestRunner" name="runScenario" time="7.219"/>
</testsuite> <!-- cucumber.TestNGTestRunner -->
