<?xml version="1.0" encoding="UTF-8"?>
<!-- Generated by org.testng.reporters.JUnitReportReporter -->
<testsuite hostname="DESKTOP-3JIGDB9" failures="0" tests="1" name="shankarraibagi.SeleniumFrameworkDesign.ErrorValidation" time="8.120" errors="0" timestamp="2024-11-29T13:24:36 IST" skipped="0">
  <testcase classname="shankarraibagi.SeleniumFrameworkDesign.ErrorValidation" name="loginErrorValidation" time="8.120"/>
</testsuite> <!-- shankarraibagi.SeleniumFrameworkDesign.ErrorValidation -->
