<?xml version="1.0" encoding="UTF-8"?>
<!-- Generated by org.testng.reporters.JUnitReportReporter -->
<testsuite hostname="DESKTOP-3JIGDB9" failures="0" tests="2" name="shankarraibagi.SeleniumFrameworkDesign.SubmitOrder" time="20.413" errors="0" timestamp="2024-11-29T13:24:36 IST" skipped="0">
  <testcase classname="shankarraibagi.SeleniumFrameworkDesign.SubmitOrder" name="submitOrder" time="13.548"/>
  <testcase classname="shankarraibagi.SeleniumFrameworkDesign.SubmitOrder" name="orderHistoryTest" time="6.865"/>
</testsuite> <!-- shankarraibagi.SeleniumFrameworkDesign.SubmitOrder -->
